0 silly argv {
0 silly argv   _: [ 'bootstrap' ],
0 silly argv   hoist: true,
0 silly argv   lernaVersion: '4.0.0',
0 silly argv   '$0': 'node_modules\\lerna\\cli.js'
0 silly argv }
1 notice cli v4.0.0
2 verbose rootPath C:\Users\amits\Documents\GitHub\bypass-links
3 error JSONError: Unexpected token "}" (0x7D) in JSON at position 1806 while parsing near "...lugin\": \"1.0.0\",\r\n  },\r\n  \"scripts\": {\r\n..." in extension\package.json
3 error
3 error [0m [90m 56 | [39m    [32m"webpack-node-externals"[39m[33m:[39m [32m"3.0.0"[39m[33m,[39m[0m
3 error [0m [90m 57 | [39m    [32m"webpack-watch-external-files-plugin"[39m[33m:[39m [32m"1.0.0"[39m[33m,[39m[0m
3 error [0m[31m[1m>[22m[39m[90m 58 | [39m  }[33m,[39m[0m
3 error [0m [90m    | [39m  [31m[1m^[22m[39m[0m
3 error [0m [90m 59 | [39m  [32m"scripts"[39m[33m:[39m {[0m
3 error [0m [90m 60 | [39m    [32m"analyzer"[39m[33m:[39m [32m"cross-env ENABLE_BUNDLE_ANLYZER=true npm run release"[39m[33m,[39m[0m
3 error [0m [90m 61 | [39m    [32m"dev"[39m[33m:[39m [32m"better-npm-run dev"[39m[33m,[39m[0m
3 error
3 error     at parseJson (C:\Users\amits\Documents\GitHub\bypass-links\node_modules\@lerna\project\node_modules\parse-json\index.js:29:21)
3 error     at parse (C:\Users\amits\Documents\GitHub\bypass-links\node_modules\@lerna\project\node_modules\load-json-file\index.js:15:9)
3 error     at module.exports (C:\Users\amits\Documents\GitHub\bypass-links\node_modules\@lerna\project\node_modules\load-json-file\index.js:18:47)
